<?xml version="1.0" encoding="utf-8"?><testsuites name="pytest tests"><testsuite name="pytest" errors="0" failures="0" skipped="0" tests="24" time="6.643" timestamp="2026-08-08T17:22:03.661279+00:00" hostname="agent-env-dfda38da-8c92-49bd-b7ee-b73d9d394621"><testcase classname="backend.tests.backend_test.TestAuth" name="test_me_no_token_401" time="0.258" /><testcase classname="backend.tests.backend_test.TestAuth" name="test_me_bearer_ok" time="0.057" /><testcase classname="backend.tests.backend_test.TestAuth" name="test_me_via_cookie" time="0.055" /><testcase classname="backend.tests.backend_test.TestAuth" name="test_session_exchange_missing_id_400" time="0.150" /><testcase classname="backend.tests.backend_test.TestAuth" name="test_session_exchange_invalid_id_401" time="0.101" /><testcase classname="backend.tests.backend_test.TestTransactions" name="test_list_requires_auth" time="0.112" /><testcase classname="backend.tests.backend_test.TestTransactions" name="test_list_ok" time="0.035" /><testcase classname="backend.tests.backend_test.TestTransactions" name="test_filter_status" time="0.020" /><testcase classname="backend.tests.backend_test.TestTransactions" name="test_live_flag" time="0.021" /><testcase classname="backend.tests.backend_test.TestTransactions" name="test_block_transaction_persists" time="0.815" /><testcase classname="backend.tests.backend_test.TestAlerts" name="test_list_alerts" time="0.109" /><testcase classname="backend.tests.backend_test.TestAlerts" name="test_resolve_and_dismiss" time="0.707" /><testcase classname="backend.tests.backend_test.TestAuditStats" name="test_audit_list" time="0.018" /><testcase classname="backend.tests.backend_test.TestAuditStats" name="test_audit_severity_filter" time="0.017" /><testcase classname="backend.tests.backend_test.TestAuditStats" name="test_stats" time="0.139" /><testcase classname="backend.tests.backend_test.TestScan" name="test_scan_target" time="1.307" /><testcase classname="backend.tests.backend_test.TestScan" name="test_recent_scans" time="0.017" /><testcase classname="backend.tests.backend_test.TestNetwork" name="test_gateways" time="0.110" /><testcase classname="backend.tests.backend_test.TestUsersRBAC" name="test_admin_can_list" time="0.128" /><testcase classname="backend.tests.backend_test.TestUsersRBAC" name="test_analyst_cannot_list" time="0.358" /><testcase classname="backend.tests.backend_test.TestUsersRBAC" name="test_admin_cannot_change_own_role" time="0.640" /><testcase classname="backend.tests.backend_test.TestUsersRBAC" name="test_admin_change_analyst_role" time="0.052" /><testcase classname="backend.tests.backend_test.TestPasskeys" name="test_login_options_no_auth" time="0.817" /><testcase classname="backend.tests.backend_test.TestPasskeys" name="test_register_options_requires_auth" time="0.498" /></testsuite></testsuites>